<?xml version="1.0" encoding="UTF-8"?>
<!-- Generated by org.testng.reporters.JUnitReportReporter -->
<testsuite skipped="0" hostname="IBM-Testing01" name="myTextNGPackage.VerifyGooglePageTest" tests="2" failures="0" timestamp="08 Jan 2020 04:07:06 GMT" time="26.026" errors="0">
  <testcase name="checktitle" time="13.819" classname="myTextNGPackage.VerifyGooglePageTest"/>
  <testcase name="checklogo" time="12.207" classname="myTextNGPackage.VerifyGooglePageTest"/>
</testsuite> <!-- myTextNGPackage.VerifyGooglePageTest -->
