<?xml version="1.0" encoding="UTF-8"?>
<!-- Generated by org.testng.reporters.JUnitReportReporter -->
<testsuite skipped="0" hostname="IBM-Testing01" name="myTextNGPackage.griddemo" tests="1" failures="0" timestamp="14 Jan 2020 11:02:00 GMT" time="18.161" errors="0">
  <testcase name="verifylogin" time="18.161" classname="myTextNGPackage.griddemo"/>
</testsuite> <!-- myTextNGPackage.griddemo -->
