<?xml version="1.0" encoding="UTF-8"?>
<!-- Generated by org.testng.reporters.JUnitReportReporter -->
<testsuite skipped="0" hostname="IBM-Testing01" name="myTextNGPackage.DependsonMethodsdemo" tests="3" failures="0" timestamp="06 Jan 2020 11:14:19 GMT" time="0.016" errors="0">
  <testcase name="login" time="0.000" classname="myTextNGPackage.DependsonMethodsdemo"/>
  <testcase name="logoff" time="0.000" classname="myTextNGPackage.DependsonMethodsdemo"/>
  <testcase name="startapp" time="0.016" classname="myTextNGPackage.DependsonMethodsdemo"/>
</testsuite> <!-- myTextNGPackage.DependsonMethodsdemo -->
