<?xml version="1.0" encoding="UTF-8"?>
<!-- Generated by org.testng.reporters.JUnitReportReporter -->
<testsuite skipped="0" hostname="IBM-Testing01" name="myListeners.VerifyGooglePageTest" tests="2" failures="0" timestamp="08 Jan 2020 06:28:28 GMT" time="27.159" errors="0">
  <testcase name="checklogo" time="14.736" classname="myListeners.VerifyGooglePageTest"/>
  <testcase name="checktitle" time="12.423" classname="myListeners.VerifyGooglePageTest"/>
</testsuite> <!-- myListeners.VerifyGooglePageTest -->
