<?xml version="1.0" encoding="UTF-8"?>
<!-- Generated by org.testng.reporters.JUnitReportReporter -->
<testsuite skipped="0" hostname="IBM-Testing01" name="listenerdemosuite.Paralleldemo2" tests="4" failures="0" timestamp="08 Jan 2020 08:51:48 GMT" time="0.017" errors="0">
  <testcase name="test2" time="0.000" classname="listenerdemosuite.Paralleldemo2"/>
  <testcase name="test4" time="0.003" classname="listenerdemosuite.Paralleldemo2"/>
  <testcase name="test3" time="0.001" classname="listenerdemosuite.Paralleldemo2"/>
  <testcase name="test1" time="0.013" classname="listenerdemosuite.Paralleldemo2"/>
</testsuite> <!-- listenerdemosuite.Paralleldemo2 -->
